<?xml version="1.0" encoding="UTF-8"?>
<testsuite xmlns:xsi="http://www.w3.org/2001/XMLSchema-instance" xsi:noNamespaceSchemaLocation="https://maven.apache.org/surefire/maven-surefire-plugin/xsd/surefire-test-report.xsd" name="com.cj.cga101g1.gameplatformtype.controller.GamePlatformTypeControllerTest" time="1.885" tests="6" errors="0" skipped="0" failures="3">
  <properties>
[...]
</properties>
  <testcase name="getOneType" classname="com.cj.cga101g1.gameplatformtype.controller.GamePlatformTypeControllerTest" time="0.074">
    <failure message="Response status expected:&lt;200&gt; but was:&lt;404&gt;" type="java.lang.AssertionError"><![CDATA[java.lang.AssertionError: Response status expected:<200> but was:<404>
	at com.cj.cga101g1.gameplatformtype.controller.GamePlatformTypeControllerTest.getOneType(GamePlatformTypeControllerTest.java:37)
]]></failure>
    <system-out><![CDATA[2022-09-14 11:01:57.333  INFO 22104 --- [           main] .b.t.c.SpringBootTestContextBootstrapper : Neither @ContextConfiguration nor @ContextHierarchy found for test class [com.cj.cga101g1.gameplatformtype.controller.GamePlatformTypeControllerTest], using SpringBootContextLoader
2022-09-14 11:01:57.333  INFO 22104 --- [           main] o.s.t.c.support.AbstractContextLoader    : Could not detect default resource locations for test class [com.cj.cga101g1.gameplatformtype.controller.GamePlatformTypeControllerTest]: no resource found for suffixes {-context.xml, Context.groovy}.
2022-09-14 11:01:57.334  INFO 22104 --- [           main] t.c.s.AnnotationConfigContextLoaderUtils : Could not detect default configuration classes for test class [com.cj.cga101g1.gameplatformtype.controller.GamePlatformTypeControllerTest]: GamePlatformTypeControllerTest does not declare any static, non-private, non-final, nested classes annotated with @Configuration.
2022-09-14 11:01:57.370  INFO 22104 --- [           main] .b.t.c.SpringBootTestContextBootstrapper : Found @SpringBootConfiguration com.cj.cga101g1.Cga101G1Application for test class com.cj.cga101g1.gameplatformtype.controller.GamePlatformTypeControllerTest
2022-09-14 11:01:57.376  INFO 22104 --- [           main] .b.t.c.SpringBootTestContextBootstrapper : Loaded default TestExecutionListener class names from location [META-INF/spring.factories]: [org.springframework.boot.test.mock.mockito.MockitoTestExecutionListener, org.springframework.boot.test.mock.mockito.ResetMocksTestExecutionListener, org.springframework.boot.test.autoconfigure.restdocs.RestDocsTestExecutionListener, org.springframework.boot.test.autoconfigure.web.client.MockRestServiceServerResetTestExecutionListener, org.springframework.boot.test.autoconfigure.web.servlet.MockMvcPrintOnlyOnFailureTestExecutionListener, org.springframework.boot.test.autoconfigure.web.servlet.WebDriverTestExecutionListener, org.springframework.boot.test.autoconfigure.webservices.client.MockWebServiceServerTestExecutionListener, org.springframework.test.context.web.ServletTestExecutionListener, org.springframework.test.context.support.DirtiesContextBeforeModesTestExecutionListener, org.springframework.test.context.event.ApplicationEventsTestExecutionListener, org.springframework.test.context.support.DependencyInjectionTestExecutionListener, org.springframework.test.context.support.DirtiesContextTestExecutionListener, org.springframework.test.context.transaction.TransactionalTestExecutionListener, org.springframework.test.context.jdbc.SqlScriptsTestExecutionListener, org.springframework.test.context.event.EventPublishingTestExecutionListener]
2022-09-14 11:01:57.376  INFO 22104 --- [           main] .b.t.c.SpringBootTestContextBootstrapper : Using TestExecutionListeners: [org.springframework.test.context.web.ServletTestExecutionListener@1372696b, org.springframework.test.context.support.DirtiesContextBeforeModesTestExecutionListener@7ca7bddd, org.springframework.test.context.event.ApplicationEventsTestExecutionListener@206e5183, org.springframework.boot.test.mock.mockito.MockitoTestExecutionListener@325236f5, org.springframework.boot.test.autoconfigure.SpringBootDependencyInjectionTestExecutionListener@32eb38e5, org.springframework.test.context.support.DirtiesContextTestExecutionListener@73633230, org.springframework.test.context.transaction.TransactionalTestExecutionListener@21539796, org.springframework.test.context.jdbc.SqlScriptsTestExecutionListener@215f8d7, org.springframework.test.context.event.EventPublishingTestExecutionListener@69d2c460, org.springframework.boot.test.mock.mockito.ResetMocksTestExecutionListener@34a99d8, org.springframework.boot.test.autoconfigure.restdocs.RestDocsTestExecutionListener@3e984100, org.springframework.boot.test.autoconfigure.web.client.MockRestServiceServerResetTestExecutionListener@13e6c544, org.springframework.boot.test.autoconfigure.web.servlet.MockMvcPrintOnlyOnFailureTestExecutionListener@6c68f29c, org.springframework.boot.test.autoconfigure.web.servlet.WebDriverTestExecutionListener@3b3b2290, org.springframework.boot.test.autoconfigure.webservices.client.MockWebServiceServerTestExecutionListener@47d7e4b6]

  .   ____          _            __ _ _
 /\\ / ___'_ __ _ _(_)_ __  __ _ \ \ \ \
( ( )\___ | '_ | '_| | '_ \/ _` | \ \ \ \
 \\/  ___)| |_)| | | | | || (_| |  ) ) ) )
  '  |____| .__|_| |_|_| |_\__, | / / / /
 =========|_|==============|___/=/_/_/_/
 :: Spring Boot ::                (v2.6.7)

2022-09-14 11:01:57.422  INFO 22104 --- [           main] c.c.c.g.c.GamePlatformTypeControllerTest : Starting GamePlatformTypeControllerTest using Java 17.0.1 on MSI with PID 22104 (started by 小DiDi in C:\CGA101G1-POP_Game\CGA101G1_Workspace\CGA101G1_spring_boot\Project2Spring_boot\CGA101G1)
2022-09-14 11:01:57.423  INFO 22104 --- [           main] c.c.c.g.c.GamePlatformTypeControllerTest : No active profile set, falling back to 1 default profile: "default"
2022-09-14 11:01:57.733  INFO 22104 --- [           main] .s.d.r.c.RepositoryConfigurationDelegate : Bootstrapping Spring Data JPA repositories in DEFAULT mode.
2022-09-14 11:01:57.792  INFO 22104 --- [           main] .s.d.r.c.RepositoryConfigurationDelegate : Finished Spring Data repository scanning in 59 ms. Found 2 JPA repository interfaces.
2022-09-14 11:01:57.939  INFO 22104 --- [           main] com.zaxxer.hikari.HikariDataSource       : HikariPool-2 - Starting...
2022-09-14 11:01:58.066  INFO 22104 --- [           main] com.zaxxer.hikari.HikariDataSource       : HikariPool-2 - Start completed.
2022-09-14 11:01:58.122  INFO 22104 --- [           main] o.hibernate.jpa.internal.util.LogHelper  : HHH000204: Processing PersistenceUnitInfo [name: default]
2022-09-14 11:01:58.133  INFO 22104 --- [           main] org.hibernate.dialect.Dialect            : HHH000400: Using dialect: org.hibernate.dialect.MySQL8Dialect
2022-09-14 11:01:58.192  INFO 22104 --- [           main] o.h.e.t.j.p.i.JtaPlatformInitiator       : HHH000490: Using JtaPlatform implementation: [org.hibernate.engine.transaction.jta.platform.internal.NoJtaPlatform]
2022-09-14 11:01:58.193  INFO 22104 --- [           main] j.LocalContainerEntityManagerFactoryBean : Initialized JPA EntityManagerFactory for persistence unit 'default'
2022-09-14 11:01:58.523  WARN 22104 --- [           main] JpaBaseConfiguration$JpaWebConfiguration : spring.jpa.open-in-view is enabled by default. Therefore, database queries may be performed during view rendering. Explicitly configure spring.jpa.open-in-view to disable this warning
2022-09-14 11:01:58.990  INFO 22104 --- [           main] o.s.b.t.m.w.SpringBootMockServletContext : Initializing Spring TestDispatcherServlet ''
2022-09-14 11:01:58.990  INFO 22104 --- [           main] o.s.t.web.servlet.TestDispatcherServlet  : Initializing Servlet ''
2022-09-14 11:01:58.991  INFO 22104 --- [           main] o.s.t.web.servlet.TestDispatcherServlet  : Completed initialization in 1 ms
2022-09-14 11:01:59.002  INFO 22104 --- [           main] c.c.c.g.c.GamePlatformTypeControllerTest : Started GamePlatformTypeControllerTest in 1.622 seconds (JVM running for 9.389)

MockHttpServletRequest:
      HTTP Method = GET
      Request URI = /gamePlatformType/getOneType/64001
       Parameters = {}
          Headers = []
             Body = null
    Session Attrs = {}

Handler:
             Type = org.springframework.web.servlet.resource.ResourceHttpRequestHandler

Async:
    Async started = false
     Async result = null

Resolved Exception:
             Type = null

ModelAndView:
        View name = null
             View = null
            Model = null

FlashMap:
       Attributes = null

MockHttpServletResponse:
           Status = 404
    Error message = null
          Headers = [Vary:"Origin", "Access-Control-Request-Method", "Access-Control-Request-Headers"]
     Content type = null
             Body = 
    Forwarded URL = null
   Redirected URL = null
          Cookies = []

MockHttpServletRequest:
      HTTP Method = GET
      Request URI = /gamePlatformType/getOneType/64001
       Parameters = {}
          Headers = []
             Body = null
    Session Attrs = {}

Handler:
             Type = org.springframework.web.servlet.resource.ResourceHttpRequestHandler

Async:
    Async started = false
     Async result = null

Resolved Exception:
             Type = null

ModelAndView:
        View name = null
             View = null
            Model = null

FlashMap:
       Attributes = null

MockHttpServletResponse:
           Status = 404
    Error message = null
          Headers = [Vary:"Origin", "Access-Control-Request-Method", "Access-Control-Request-Headers"]
     Content type = null
             Body = 
    Forwarded URL = null
   Redirected URL = null
          Cookies = []
]]></system-out>
  </testcase>
  <testcase name="getOneTypeByKeyName" classname="com.cj.cga101g1.gameplatformtype.controller.GamePlatformTypeControllerTest" time="0.003"/>
  <testcase name="getOneTypeByName" classname="com.cj.cga101g1.gameplatformtype.controller.GamePlatformTypeControllerTest" time="0.054">
    <failure message="No value at JSON path &quot;$.gamePlatformName&quot;" type="java.lang.AssertionError">java.lang.AssertionError: No value at JSON path "$.gamePlatformName"
	at com.cj.cga101g1.gameplatformtype.controller.GamePlatformTypeControllerTest.getOneTypeByName(GamePlatformTypeControllerTest.java:69)
Caused by: java.lang.IllegalArgumentException: json can not be null or empty
	at com.cj.cga101g1.gameplatformtype.controller.GamePlatformTypeControllerTest.getOneTypeByName(GamePlatformTypeControllerTest.java:69)
</failure>
    <system-out><![CDATA[
MockHttpServletRequest:
      HTTP Method = GET
      Request URI = /gamePlatformType/getOneTypeByName/PS4
       Parameters = {}
          Headers = []
             Body = null
    Session Attrs = {}

Handler:
             Type = org.springframework.web.servlet.resource.ResourceHttpRequestHandler

Async:
    Async started = false
     Async result = null

Resolved Exception:
             Type = null

ModelAndView:
        View name = null
             View = null
            Model = null

FlashMap:
       Attributes = null

MockHttpServletResponse:
           Status = 404
    Error message = null
          Headers = [Vary:"Origin", "Access-Control-Request-Method", "Access-Control-Request-Headers"]
     Content type = null
             Body = 
    Forwarded URL = null
   Redirected URL = null
          Cookies = []

MockHttpServletRequest:
      HTTP Method = GET
      Request URI = /gamePlatformType/getOneTypeByName/PS4
       Parameters = {}
          Headers = []
             Body = null
    Session Attrs = {}

Handler:
             Type = org.springframework.web.servlet.resource.ResourceHttpRequestHandler

Async:
    Async started = false
     Async result = null

Resolved Exception:
             Type = null

ModelAndView:
        View name = null
             View = null
            Model = null

FlashMap:
       Attributes = null

MockHttpServletResponse:
           Status = 404
    Error message = null
          Headers = [Vary:"Origin", "Access-Control-Request-Method", "Access-Control-Request-Headers"]
     Content type = null
             Body = 
    Forwarded URL = null
   Redirected URL = null
          Cookies = []
]]></system-out>
  </testcase>
  <testcase name="updateOneType" classname="com.cj.cga101g1.gameplatformtype.controller.GamePlatformTypeControllerTest" time="0.003"/>
  <testcase name="deleteType" classname="com.cj.cga101g1.gameplatformtype.controller.GamePlatformTypeControllerTest" time="0.003"/>
  <testcase name="newType" classname="com.cj.cga101g1.gameplatformtype.controller.GamePlatformTypeControllerTest" time="0.097">
    <failure message="Response status expected:&lt;200&gt; but was:&lt;404&gt;" type="java.lang.AssertionError"><![CDATA[java.lang.AssertionError: Response status expected:<200> but was:<404>
	at com.cj.cga101g1.gameplatformtype.controller.GamePlatformTypeControllerTest.newType(GamePlatformTypeControllerTest.java:58)
]]></failure>
    <system-out><![CDATA[2022-09-14 11:01:59.192  INFO 22104 --- [           main] o.s.t.c.transaction.TransactionContext   : Began transaction (1) for test context [DefaultTestContext@588614f9 testClass = GamePlatformTypeControllerTest, testInstance = com.cj.cga101g1.gameplatformtype.controller.GamePlatformTypeControllerTest@16718e1b, testMethod = newType@GamePlatformTypeControllerTest, testException = [null], mergedContextConfiguration = [WebMergedContextConfiguration@7fb313e3 testClass = GamePlatformTypeControllerTest, locations = '{}', classes = '{class com.cj.cga101g1.Cga101G1Application}', contextInitializerClasses = '[]', activeProfiles = '{}', propertySourceLocations = '{}', propertySourceProperties = '{org.springframework.boot.test.context.SpringBootTestContextBootstrapper=true}', contextCustomizers = set[[ImportsContextCustomizer@771ede0d key = [org.springframework.boot.test.autoconfigure.web.servlet.MockMvcAutoConfiguration, org.springframework.boot.test.autoconfigure.web.servlet.MockMvcWebClientAutoConfiguration, org.springframework.boot.test.autoconfigure.web.servlet.MockMvcWebDriverAutoConfiguration, org.springframework.boot.autoconfigure.security.oauth2.client.servlet.OAuth2ClientAutoConfiguration, org.springframework.boot.autoconfigure.security.oauth2.resource.servlet.OAuth2ResourceServerAutoConfiguration, org.springframework.boot.autoconfigure.security.servlet.SecurityAutoConfiguration, org.springframework.boot.autoconfigure.security.servlet.SecurityFilterAutoConfiguration, org.springframework.boot.autoconfigure.security.servlet.UserDetailsServiceAutoConfiguration, org.springframework.boot.test.autoconfigure.web.servlet.MockMvcSecurityConfiguration, org.springframework.boot.test.autoconfigure.web.reactive.WebTestClientAutoConfiguration]], org.springframework.boot.test.context.filter.ExcludeFilterContextCustomizer@7bab3f1a, org.springframework.boot.test.json.DuplicateJsonObjectContextCustomizerFactory$DuplicateJsonObjectContextCustomizer@1e1a0406, org.springframework.boot.test.mock.mockito.MockitoContextCustomizer@0, org.springframework.boot.test.web.client.TestRestTemplateContextCustomizer@d9345cd, org.springframework.boot.test.autoconfigure.actuate.metrics.MetricsExportContextCustomizerFactory$DisableMetricExportContextCustomizer@72e5a8e, org.springframework.boot.test.autoconfigure.properties.PropertyMappingContextCustomizer@4b3fa0b3, org.springframework.boot.test.autoconfigure.web.servlet.WebDriverContextCustomizerFactory$Customizer@6221a451, org.springframework.boot.test.context.SpringBootTestArgs@1, org.springframework.boot.test.context.SpringBootTestWebEnvironment@3234e239], resourceBasePath = 'src/main/webapp', contextLoader = 'org.springframework.boot.test.context.SpringBootContextLoader', parent = [null]], attributes = map['org.springframework.test.context.web.ServletTestExecutionListener.activateListener' -> true, 'org.springframework.test.context.web.ServletTestExecutionListener.populatedRequestContextHolder' -> true, 'org.springframework.test.context.web.ServletTestExecutionListener.resetRequestContextHolder' -> true, 'org.springframework.test.context.event.ApplicationEventsTestExecutionListener.recordApplicationEvents' -> false]]; transaction manager [org.springframework.orm.jpa.JpaTransactionManager@25fc2b8f]; rollback [true]

MockHttpServletRequest:
      HTTP Method = POST
      Request URI = /gamePlatformType/newType
       Parameters = {}
          Headers = [Content-Type:"application/json;charset=UTF-8", Content-Length:"30"]
             Body = {
  "gamePlatformName":"GBA"
}
    Session Attrs = {}

Handler:
             Type = org.springframework.web.servlet.resource.ResourceHttpRequestHandler

Async:
    Async started = false
     Async result = null

Resolved Exception:
             Type = null

ModelAndView:
        View name = null
             View = null
            Model = null

FlashMap:
       Attributes = null

MockHttpServletResponse:
           Status = 404
    Error message = null
          Headers = [Vary:"Origin", "Access-Control-Request-Method", "Access-Control-Request-Headers"]
     Content type = null
             Body = 
    Forwarded URL = null
   Redirected URL = null
          Cookies = []

MockHttpServletRequest:
      HTTP Method = POST
      Request URI = /gamePlatformType/newType
       Parameters = {}
          Headers = [Content-Type:"application/json;charset=UTF-8", Content-Length:"30"]
             Body = {
  "gamePlatformName":"GBA"
}
    Session Attrs = {}

Handler:
             Type = org.springframework.web.servlet.resource.ResourceHttpRequestHandler

Async:
    Async started = false
     Async result = null

Resolved Exception:
             Type = null

ModelAndView:
        View name = null
             View = null
            Model = null

FlashMap:
       Attributes = null

MockHttpServletResponse:
           Status = 404
    Error message = null
          Headers = [Vary:"Origin", "Access-Control-Request-Method", "Access-Control-Request-Headers"]
     Content type = null
             Body = 
    Forwarded URL = null
   Redirected URL = null
          Cookies = []
2022-09-14 11:01:59.236  INFO 22104 --- [           main] o.s.t.c.transaction.TransactionContext   : Rolled back transaction for test: [DefaultTestContext@588614f9 testClass = GamePlatformTypeControllerTest, testInstance = com.cj.cga101g1.gameplatformtype.controller.GamePlatformTypeControllerTest@16718e1b, testMethod = newType@GamePlatformTypeControllerTest, testException = java.lang.AssertionError: Response status expected:<200> but was:<404>, mergedContextConfiguration = [WebMergedContextConfiguration@7fb313e3 testClass = GamePlatformTypeControllerTest, locations = '{}', classes = '{class com.cj.cga101g1.Cga101G1Application}', contextInitializerClasses = '[]', activeProfiles = '{}', propertySourceLocations = '{}', propertySourceProperties = '{org.springframework.boot.test.context.SpringBootTestContextBootstrapper=true}', contextCustomizers = set[[ImportsContextCustomizer@771ede0d key = [org.springframework.boot.test.autoconfigure.web.servlet.MockMvcAutoConfiguration, org.springframework.boot.test.autoconfigure.web.servlet.MockMvcWebClientAutoConfiguration, org.springframework.boot.test.autoconfigure.web.servlet.MockMvcWebDriverAutoConfiguration, org.springframework.boot.autoconfigure.security.oauth2.client.servlet.OAuth2ClientAutoConfiguration, org.springframework.boot.autoconfigure.security.oauth2.resource.servlet.OAuth2ResourceServerAutoConfiguration, org.springframework.boot.autoconfigure.security.servlet.SecurityAutoConfiguration, org.springframework.boot.autoconfigure.security.servlet.SecurityFilterAutoConfiguration, org.springframework.boot.autoconfigure.security.servlet.UserDetailsServiceAutoConfiguration, org.springframework.boot.test.autoconfigure.web.servlet.MockMvcSecurityConfiguration, org.springframework.boot.test.autoconfigure.web.reactive.WebTestClientAutoConfiguration]], org.springframework.boot.test.context.filter.ExcludeFilterContextCustomizer@7bab3f1a, org.springframework.boot.test.json.DuplicateJsonObjectContextCustomizerFactory$DuplicateJsonObjectContextCustomizer@1e1a0406, org.springframework.boot.test.mock.mockito.MockitoContextCustomizer@0, org.springframework.boot.test.web.client.TestRestTemplateContextCustomizer@d9345cd, org.springframework.boot.test.autoconfigure.actuate.metrics.MetricsExportContextCustomizerFactory$DisableMetricExportContextCustomizer@72e5a8e, org.springframework.boot.test.autoconfigure.properties.PropertyMappingContextCustomizer@4b3fa0b3, org.springframework.boot.test.autoconfigure.web.servlet.WebDriverContextCustomizerFactory$Customizer@6221a451, org.springframework.boot.test.context.SpringBootTestArgs@1, org.springframework.boot.test.context.SpringBootTestWebEnvironment@3234e239], resourceBasePath = 'src/main/webapp', contextLoader = 'org.springframework.boot.test.context.SpringBootContextLoader', parent = [null]], attributes = map['org.springframework.test.context.web.ServletTestExecutionListener.activateListener' -> true, 'org.springframework.test.context.web.ServletTestExecutionListener.populatedRequestContextHolder' -> true, 'org.springframework.test.context.web.ServletTestExecutionListener.resetRequestContextHolder' -> true, 'org.springframework.test.context.event.ApplicationEventsTestExecutionListener.recordApplicationEvents' -> false]]
]]></system-out>
  </testcase>
</testsuite>